<?xml version="1.0" encoding="UTF-8"?>
<testng-results ignored="0" total="1" passed="1" failed="0" skipped="0">
  <reporter-output>
  </reporter-output>
  <suite started-at="2022-04-08T10:59:44 IST" name="Default suite" finished-at="2022-04-08T11:00:03 IST" duration-ms="18120">
    <groups>
    </groups>
    <test started-at="2022-04-08T10:59:44 IST" name="Default test" finished-at="2022-04-08T11:00:03 IST" duration-ms="18120">
      <class name="Testing.Reports">
        <test-method is-config="true" signature="setDriver()[pri:0, instance:Testing.Reports@76d05cc9]" started-at="2022-04-08T10:59:44 IST" name="setDriver" finished-at="2022-04-08T10:59:52 IST" duration-ms="7368" status="PASS">
          <reporter-output>
          </reporter-output>
        </test-method> <!-- setDriver -->
        <test-method signature="search()[pri:0, instance:Testing.Reports@76d05cc9]" started-at="2022-04-08T10:59:52 IST" name="search" finished-at="2022-04-08T10:59:58 IST" duration-ms="6298" status="PASS">
          <reporter-output>
          </reporter-output>
        </test-method> <!-- search -->
        <test-method is-config="true" signature="closewindow()[pri:0, instance:Testing.Reports@76d05cc9]" started-at="2022-04-08T10:59:58 IST" name="closewindow" finished-at="2022-04-08T11:00:03 IST" duration-ms="4318" status="PASS">
          <reporter-output>
          </reporter-output>
        </test-method> <!-- closewindow -->
      </class> <!-- Testing.Reports -->
    </test> <!-- Default test -->
  </suite> <!-- Default suite -->
</testng-results>
